<?xml version="1.0" encoding="UTF-8"?>
<!-- Generated by org.testng.reporters.JUnitReportReporter -->
<testsuite hostname="DESKTOP-KPVRKRG" failures="0" tests="1" name="GoPadelTest.GoPadelTest" time="0.281" errors="0" timestamp="2022-04-11T09:09:59 IST" skipped="0">
  <testcase classname="GoPadelTest.GoPadelTest" name="PadelBranchesTest" time="0.281"/>
  <system-out/>
</testsuite> <!-- GoPadelTest.GoPadelTest -->
